<?xml version="1.0" encoding="UTF-8"?>
<testsuites name="jest tests" tests="1" failures="0" time="15.771">
  <testsuite name="undefined" errors="0" failures="0" skipped="0" timestamp="2021-09-03T15:33:22" time="15.524" tests="1">
    <testcase classname=" 用户A创建房间room-1977，用户B进入该房间，用户A开启帧同步并发送帧消息(进度0, 10, 20, ...100)，用户B监听帧消息" name=" 用户A创建房间room-1977，用户B进入该房间，用户A开启帧同步并发送帧消息(进度0, 10, 20, ...100)，用户B监听帧消息" time="11.323">
    </testcase>
  </testsuite>
</testsuites>